Scraping: Victorian Village - 250
    Found 12-month avg: 5316.0
  Success
Scraping: Victorian Village - 300
    Found 12-month avg: 3659.0
  Success
Scraping: Victorian Village - 350
    Found 12-month avg: 28915.0
    LEAK DETECTED: Leak
  Success
Scraping: Victorian Village - 400
    Found 12-month avg: 3858.0
  Success
Scraping: Victorian Village - 450
    Found 12-month avg: 15305.0
  Success
Scraping: Victorian Village - 500
    Found 12-month avg: 19861.0
  Success
Scraping: Victorian Village - 550
    Found 12-month avg: 6341.0
  Success
Scraping: Victorian Village - 600
    Found 12-month avg: 5543.0
  Success
Scraping: Victorian Village - 650
    Found 12-month avg: 4776.0
  Success
Scraping: Victorian Village - 700
    Found 12-month avg: 3482.0
  Success
Scraping: Victorian Village - 750
    Found 12-month avg: 10771.0
  Success
Scraping: Victorian Village - 775
    Found 12-month avg: 3559.0
  Success
Scraping: Victorian Village - 800
    Found 12-month avg: 3797.0
  Success
Scraping: Victorian Village - 825
    Found 12-month avg: 3535.0
  Success
Scraping: Victorian Village - 850
    Found 12-month avg: 2790.0
  Success
Scraping: Victorian Village - 875
    Found 12-month avg: 2243.0
  Success
Scraping: Victorian Village - 900
    Found 12-month avg: 11590.0
  Success

Scrape complete: 17 successful, 0 failed
Scraping: Victorian Village - 250
    Found 12-month avg: 5316.0
  Success
Scraping: Victorian Village - 300
    Found 12-month avg: 3659.0
  Success
Scraping: Victorian Village - 350
    Found 12-month avg: 28915.0
    LEAK DETECTED: Leak
  Success
Scraping: Victorian Village - 400
    Found 12-month avg: 3858.0
  Success
Scraping: Victorian Village - 450
    Found 12-month avg: 15305.0
  Success
Scraping: Victorian Village - 500
    Found 12-month avg: 19861.0
  Success
Scraping: Victorian Village - 550
    Found 12-month avg: 6341.0
  Success
Scraping: Victorian Village - 600
    Found 12-month avg: 5543.0
  Success
Scraping: Victorian Village - 650
    Found 12-month avg: 4783.0
  Success
Scraping: Victorian Village - 700
    Found 12-month avg: 3482.0
  Success
Scraping: Victorian Village - 750
    Found 12-month avg: 10771.0
  Success
Scraping: Victorian Village - 775
    Found 12-month avg: 3559.0
  Success
Scraping: Victorian Village - 800
    Found 12-month avg: 3799.0
  Success
Scraping: Victorian Village - 825
    Found 12-month avg: 3535.0
  Success
Scraping: Victorian Village - 850
    Found 12-month avg: 2790.0
  Success
Scraping: Victorian Village - 875
    Found 12-month avg: 2243.0
  Success
Scraping: Victorian Village - 900
    Found 12-month avg: 11607.0
  Success

Scrape complete: 17 successful, 0 failed
Scraping: Victorian Village - 250
    Found 12-month avg: 5327.0
  Success
Scraping: Victorian Village - 300
    Found 12-month avg: 3659.0
  Success
Scraping: Victorian Village - 350
    Found 12-month avg: 28915.0
    LEAK DETECTED: Leak
    (Leak alerts disabled for this meter)
  Success
Scraping: Victorian Village - 400
    Found 12-month avg: 3862.0
    OVERAGE ALERT: [10%] At 4253 gal (day 13), projected 10142 gal (163% over 3862 avg)
  Success
Scraping: Victorian Village - 450
    Found 12-month avg: 15305.0
  Success
Scraping: Victorian Village - 500
    Found 12-month avg: 19861.0
  Success
Scraping: Victorian Village - 550
    Found 12-month avg: 6341.0
  Success
Scraping: Victorian Village - 600
    Found 12-month avg: 5543.0
    OVERAGE ALERT: [10%] At 5270 gal (day 13), projected 12567 gal (127% over 5543 avg)
  Success
Scraping: Victorian Village - 650
    Found 12-month avg: 4783.0
  Success
Scraping: Victorian Village - 700
    Found 12-month avg: 3482.0
  Success
Scraping: Victorian Village - 750
    Found 12-month avg: 10771.0
  Success
Scraping: Victorian Village - 775
    Found 12-month avg: 3559.0
  Success
Scraping: Victorian Village - 800
    Found 12-month avg: 3799.0
  Success
Scraping: Victorian Village - 825
    Found 12-month avg: 3551.0
    OVERAGE ALERT: [10%] At 1775 gal (day 13), projected 4233 gal (19% over 3551 avg)
  Success
Scraping: Victorian Village - 850
    Found 12-month avg: 2792.0
  Success
Scraping: Victorian Village - 875
    Found 12-month avg: 2246.0
  Success
Scraping: Victorian Village - 900
    Found 12-month avg: 11607.0
  Success

Scrape complete: 17 successful, 0 failed
Scraping: Victorian Village - 250
    Found 12-month avg: 5327.0
  Success
Scraping: Victorian Village - 300
    Found 12-month avg: 3659.0
  Success
Scraping: Victorian Village - 350
    Found 12-month avg: 28915.0
    LEAK DETECTED: Leak
    (Leak alerts disabled for this meter)
  Success
Scraping: Victorian Village - 400
    Found 12-month avg: 3862.0
    OVERAGE ALERT: [20%] At 4253 gal (day 13), projected 10142 gal (163% over 3862 avg)
  Success
Scraping: Victorian Village - 450
  Success
Scraping: Victorian Village - 500
    Found 12-month avg: 19861.0
  Success
Scraping: Victorian Village - 550
    Found 12-month avg: 6341.0
  Success
Scraping: Victorian Village - 600
    Found 12-month avg: 5543.0
    OVERAGE ALERT: [20%] At 5270 gal (day 13), projected 12567 gal (127% over 5543 avg)
  Success
Scraping: Victorian Village - 650
    Found 12-month avg: 4783.0
  Success
Scraping: Victorian Village - 700
    Found 12-month avg: 3482.0
  Success
Scraping: Victorian Village - 750
    Found 12-month avg: 10771.0
  Success
Scraping: Victorian Village - 775
    Found 12-month avg: 3559.0
  Success
Scraping: Victorian Village - 800
    Found 12-month avg: 3799.0
  Success
Scraping: Victorian Village - 825
    Found 12-month avg: 3551.0
  Success
Scraping: Victorian Village - 850
    Found 12-month avg: 2792.0
  Success
Scraping: Victorian Village - 875
  Success
Scraping: Victorian Village - 900
    Found 12-month avg: 11607.0
  Success

Scrape complete: 17 successful, 0 failed
Scraping: Victorian Village - 250
    Found 12-month avg: 5327.0
  Success
Scraping: Victorian Village - 300
    Found 12-month avg: 3659.0
  Success
Scraping: Victorian Village - 350
    Found 12-month avg: 28915.0
    LEAK DETECTED: Leak
    (Leak alerts disabled for this meter)
  Success
Scraping: Victorian Village - 400
    Found 12-month avg: 3862.0
    OVERAGE ALERT: [30%] At 4253 gal (day 13), projected 10142 gal (163% over 3862 avg)
  Success
Scraping: Victorian Village - 450
    Found 12-month avg: 15305.0
  Success
Scraping: Victorian Village - 500
    Found 12-month avg: 19861.0
  Success
Scraping: Victorian Village - 550
    Found 12-month avg: 6341.0
  Success
Scraping: Victorian Village - 600
    Found 12-month avg: 5543.0
    OVERAGE ALERT: [30%] At 5270 gal (day 13), projected 12567 gal (127% over 5543 avg)
  Success
Scraping: Victorian Village - 650
    Found 12-month avg: 4783.0
  Success
Scraping: Victorian Village - 700
    Found 12-month avg: 3482.0
  Success
Scraping: Victorian Village - 750
    Found 12-month avg: 10771.0
  Success
Scraping: Victorian Village - 775
    Found 12-month avg: 3559.0
  Success
Scraping: Victorian Village - 800
    Found 12-month avg: 3799.0
  Success
Scraping: Victorian Village - 825
    Found 12-month avg: 3551.0
  Success
Scraping: Victorian Village - 850
    Found 12-month avg: 2792.0
  Success
Scraping: Victorian Village - 875
    Found 12-month avg: 2246.0
  Success
Scraping: Victorian Village - 900
    Found 12-month avg: 11607.0
  Success

Scrape complete: 17 successful, 0 failed
Scraping: Victorian Village - 250
    Found 12-month avg: 5327.0
  Success
Scraping: Victorian Village - 300
    Found 12-month avg: 3659.0
  Success
Scraping: Victorian Village - 350
    Found 12-month avg: 28915.0
    LEAK DETECTED: Leak
    (Leak alerts disabled for this meter)
  Success
Scraping: Victorian Village - 400
    Found 12-month avg: 3862.0
    OVERAGE ALERT: [40%] At 4253 gal (day 13), projected 10142 gal (163% over 3862 avg)
  Success
Scraping: Victorian Village - 450
    Found 12-month avg: 15305.0
  Success
Scraping: Victorian Village - 500
    Found 12-month avg: 19861.0
  Success
Scraping: Victorian Village - 550
    Found 12-month avg: 6341.0
  Success
Scraping: Victorian Village - 600
    Found 12-month avg: 5543.0
    OVERAGE ALERT: [40%] At 5270 gal (day 13), projected 12567 gal (127% over 5543 avg)
  Success
Scraping: Victorian Village - 650
    Found 12-month avg: 4783.0
  Success
Scraping: Victorian Village - 700
    Found 12-month avg: 3482.0
  Success
Scraping: Victorian Village - 750
    Found 12-month avg: 10771.0
  Success
Scraping: Victorian Village - 775
    Found 12-month avg: 3559.0
  Success
Scraping: Victorian Village - 800
    Found 12-month avg: 3799.0
  Success
Scraping: Victorian Village - 825
    Found 12-month avg: 3551.0
  Success
Scraping: Victorian Village - 850
    Found 12-month avg: 2792.0
  Success
Scraping: Victorian Village - 875
    Found 12-month avg: 2246.0
  Success
Scraping: Victorian Village - 900
    Found 12-month avg: 11607.0
  Success

Scrape complete: 17 successful, 0 failed
Scraping: Victorian Village - 250
    Found 12-month avg: 5327.0
  Success
Scraping: Victorian Village - 300
    Found 12-month avg: 3659.0
  Success
Scraping: Victorian Village - 350
    Found 12-month avg: 28915.0
    LEAK DETECTED: Leak
    (Leak alerts disabled for this meter)
  Success
Scraping: Victorian Village - 400
    Found 12-month avg: 3862.0
  Success
Scraping: Victorian Village - 450
    Found 12-month avg: 15305.0
  Success
Scraping: Victorian Village - 500
    Found 12-month avg: 19861.0
  Success
Scraping: Victorian Village - 550
    Found 12-month avg: 6341.0
  Success
Scraping: Victorian Village - 600
    Found 12-month avg: 5543.0
  Success
Scraping: Victorian Village - 650
    Found 12-month avg: 4783.0
  Success
Scraping: Victorian Village - 700
    Found 12-month avg: 3482.0
  Success
Scraping: Victorian Village - 750
    Found 12-month avg: 10771.0
  Success
Scraping: Victorian Village - 775
    Found 12-month avg: 3559.0
  Success
Scraping: Victorian Village - 800
    Found 12-month avg: 3799.0
  Success
Scraping: Victorian Village - 825
    Found 12-month avg: 3551.0
  Success
Scraping: Victorian Village - 850
    Found 12-month avg: 2792.0
  Success
Scraping: Victorian Village - 875
    Found 12-month avg: 2246.0
  Success
Scraping: Victorian Village - 900
    Found 12-month avg: 11607.0
  Success

Scrape complete: 17 successful, 0 failed
Scraping: Victorian Village - 250
    Found 12-month avg: 5327.0
  Success
Scraping: Victorian Village - 300
    Found 12-month avg: 3659.0
  Success
Scraping: Victorian Village - 350
    Found 12-month avg: 28915.0
    LEAK DETECTED: Leak
    (Leak alerts disabled for this meter)
  Success
Scraping: Victorian Village - 400
    Found 12-month avg: 3862.0
  Success
Scraping: Victorian Village - 450
    Found 12-month avg: 15305.0
  Success
Scraping: Victorian Village - 500
    Found 12-month avg: 19861.0
  Success
Scraping: Victorian Village - 550
    Found 12-month avg: 6341.0
  Success
Scraping: Victorian Village - 600
    Found 12-month avg: 5543.0
  Success
Scraping: Victorian Village - 650
    Found 12-month avg: 4783.0
  Success
Scraping: Victorian Village - 700
    Found 12-month avg: 3482.0
  Success
Scraping: Victorian Village - 750
    Found 12-month avg: 10771.0
  Success
Scraping: Victorian Village - 775
    Found 12-month avg: 3559.0
  Success
Scraping: Victorian Village - 800
    Found 12-month avg: 3799.0
  Success
Scraping: Victorian Village - 825
    Found 12-month avg: 3551.0
  Success
Scraping: Victorian Village - 850
    Found 12-month avg: 2792.0
  Success
Scraping: Victorian Village - 875
    Found 12-month avg: 2246.0
  Success
Scraping: Victorian Village - 900
    Found 12-month avg: 11607.0
  Success

Scrape complete: 17 successful, 0 failed
Scraping: Victorian Village - 250
    LEAK DETECTED: REGISTERED E-MAIL
  Success
Scraping: Victorian Village - 300
    Found 12-month avg: 3659.0
  Success
Scraping: Victorian Village - 350
    Found 12-month avg: 28915.0
    LEAK DETECTED: Leak
    (Leak alerts disabled for this meter)
  Success
Scraping: Victorian Village - 400
    Found 12-month avg: 3862.0
  Success
Scraping: Victorian Village - 450
    Found 12-month avg: 15305.0
  Success
Scraping: Victorian Village - 500
    Found 12-month avg: 19861.0
  Success
Scraping: Victorian Village - 550
    Found 12-month avg: 6341.0
  Success
Scraping: Victorian Village - 600
    Found 12-month avg: 5543.0
  Success
Scraping: Victorian Village - 650
    Found 12-month avg: 4783.0
  Success
Scraping: Victorian Village - 700
    Found 12-month avg: 3482.0
  Success
Scraping: Victorian Village - 750
    Found 12-month avg: 10771.0
  Success
Scraping: Victorian Village - 775
    Found 12-month avg: 3559.0
  Success
Scraping: Victorian Village - 800
    Found 12-month avg: 3799.0
  Success
Scraping: Victorian Village - 825
    Found 12-month avg: 3551.0
  Success
Scraping: Victorian Village - 850
    Found 12-month avg: 2792.0
  Success
Scraping: Victorian Village - 875
    Found 12-month avg: 2246.0
  Success
Scraping: Victorian Village - 900
    Found 12-month avg: 11607.0
  Success

Scrape complete: 17 successful, 0 failed
Scraping: Victorian Village - 250
    Found 12-month avg: 5327.0
  Success
Scraping: Victorian Village - 300
    Found 12-month avg: 3659.0
  Success
Scraping: Victorian Village - 350
    Found 12-month avg: 28915.0
    LEAK DETECTED: Leak
    (Leak alerts disabled for this meter)
  Success
Scraping: Victorian Village - 400
    Found 12-month avg: 3862.0
  Success
Scraping: Victorian Village - 450
    Found 12-month avg: 15305.0
  Success
Scraping: Victorian Village - 500
    Found 12-month avg: 19861.0
  Success
Scraping: Victorian Village - 550
    Found 12-month avg: 6341.0
  Success
Scraping: Victorian Village - 600
    Found 12-month avg: 5543.0
  Success
Scraping: Victorian Village - 650
    Found 12-month avg: 4783.0
  Success
Scraping: Victorian Village - 700
    Found 12-month avg: 3482.0
  Success
Scraping: Victorian Village - 750
    Found 12-month avg: 10771.0
  Success
Scraping: Victorian Village - 775
    Found 12-month avg: 3564.0
  Success
Scraping: Victorian Village - 800
    Found 12-month avg: 3799.0
  Success
Scraping: Victorian Village - 825
    Found 12-month avg: 3551.0
  Success
Scraping: Victorian Village - 850
    Found 12-month avg: 2792.0
  Success
Scraping: Victorian Village - 875
    Found 12-month avg: 2246.0
  Success
Scraping: Victorian Village - 900
    Found 12-month avg: 11607.0
  Success

Scrape complete: 17 successful, 0 failed
Scraping: Victorian Village - 250
    Found 12-month avg: 5327.0
  Success
Scraping: Victorian Village - 300
    Found 12-month avg: 3659.0
  Success
Scraping: Victorian Village - 350
    Found 12-month avg: 28915.0
    LEAK DETECTED: Leak
    (Leak alerts disabled for this meter)
  Success
Scraping: Victorian Village - 400
    Found 12-month avg: 3862.0
  Success
Scraping: Victorian Village - 450
    Found 12-month avg: 15305.0
  Success
Scraping: Victorian Village - 500
    Found 12-month avg: 19861.0
  Success
Scraping: Victorian Village - 550
    Found 12-month avg: 6341.0
  Success
Scraping: Victorian Village - 600
    Found 12-month avg: 5543.0
  Success
Scraping: Victorian Village - 650
    Found 12-month avg: 4783.0
  Success
Scraping: Victorian Village - 700
    Found 12-month avg: 3482.0
  Success
Scraping: Victorian Village - 750
    Found 12-month avg: 10844.0
    OVERAGE ALERT: [10%] At 5606 gal (day 13), projected 13368 gal (23% over 10844 avg)
  Success
Scraping: Victorian Village - 775
    Found 12-month avg: 3564.0
  Success
Scraping: Victorian Village - 800
    Found 12-month avg: 3799.0
  Success
Scraping: Victorian Village - 825
    Found 12-month avg: 3551.0
  Success
Scraping: Victorian Village - 850
    Found 12-month avg: 2792.0
  Success
Scraping: Victorian Village - 875
    Found 12-month avg: 2246.0
  Success
Scraping: Victorian Village - 900
    Found 12-month avg: 11607.0
  Success

Scrape complete: 17 successful, 0 failed
Scraping: Victorian Village - 250
    Found 12-month avg: 5327.0
  Success
Scraping: Victorian Village - 300
    Found 12-month avg: 3659.0
  Success
Scraping: Victorian Village - 350
    Found 12-month avg: 28915.0
    LEAK DETECTED: Leak
    (Leak alerts disabled for this meter)
  Success
Scraping: Victorian Village - 400
    Found 12-month avg: 3862.0
  Success
Scraping: Victorian Village - 450
    Found 12-month avg: 15305.0
  Success
Scraping: Victorian Village - 500
    Found 12-month avg: 19861.0
  Success
Scraping: Victorian Village - 550
    Found 12-month avg: 6341.0
  Success
Scraping: Victorian Village - 600
    Found 12-month avg: 5555.0
  Success
Scraping: Victorian Village - 650
    Found 12-month avg: 4783.0
  Success
Scraping: Victorian Village - 700
    Found 12-month avg: 3487.0
  Success
Scraping: Victorian Village - 750
    Found 12-month avg: 10844.0
    OVERAGE ALERT: [20%] At 5606 gal (day 13), projected 13368 gal (23% over 10844 avg)
  Success
Scraping: Victorian Village - 775
    Found 12-month avg: 3564.0
  Success
Scraping: Victorian Village - 800
    Found 12-month avg: 3799.0
  Success
Scraping: Victorian Village - 825
    Found 12-month avg: 3551.0
  Success
Scraping: Victorian Village - 850
    Found 12-month avg: 2792.0
  Success
Scraping: Victorian Village - 875
    Found 12-month avg: 2246.0
  Success
Scraping: Victorian Village - 900
    Found 12-month avg: 11607.0
  Success

Scrape complete: 17 successful, 0 failed
Scraping: Victorian Village - 250
    Found 12-month avg: 5327.0
  Success
Scraping: Victorian Village - 300
    Found 12-month avg: 3658.0
  Success
Scraping: Victorian Village - 350
    Found 12-month avg: 28957.0
    LEAK DETECTED: Leak
    (Leak alerts disabled for this meter)
  Success
Scraping: Victorian Village - 400
    Found 12-month avg: 3862.0
  Success
Scraping: Victorian Village - 450
    Found 12-month avg: 15350.0
    OVERAGE ALERT: [10%] At 7099 gal (day 13), projected 16928 gal (10% over 15350 avg)
  Success
Scraping: Victorian Village - 500
    Found 12-month avg: 19892.0
  Success
Scraping: Victorian Village - 550
    Found 12-month avg: 6341.0
  Success
Scraping: Victorian Village - 600
    Found 12-month avg: 5555.0
  Success
Scraping: Victorian Village - 650
    Found 12-month avg: 4783.0
  Success
Scraping: Victorian Village - 700
    Found 12-month avg: 3487.0
  Success
Scraping: Victorian Village - 750
    Found 12-month avg: 10844.0
  Success
Scraping: Victorian Village - 775
    Found 12-month avg: 3564.0
  Success
Scraping: Victorian Village - 800
    Found 12-month avg: 3799.0
  Success
Scraping: Victorian Village - 825
    Found 12-month avg: 3551.0
  Success
Scraping: Victorian Village - 850
    Found 12-month avg: 2792.0
  Success
Scraping: Victorian Village - 875
    Found 12-month avg: 2246.0
  Success
Scraping: Victorian Village - 900
    Found 12-month avg: 11607.0
  Success

Scrape complete: 17 successful, 0 failed
Scraping: Victorian Village - 250
    Found 12-month avg: 5327.0
  Success
Scraping: Victorian Village - 300
    Found 12-month avg: 3658.0
  Success
Scraping: Victorian Village - 350
    Found 12-month avg: 28957.0
    LEAK DETECTED: Leak
    (Leak alerts disabled for this meter)
  Success
Scraping: Victorian Village - 400
    Found 12-month avg: 3862.0
  Success
Scraping: Victorian Village - 450
    Found 12-month avg: 15350.0
  Success
Scraping: Victorian Village - 500
    Found 12-month avg: 19892.0
  Success
Scraping: Victorian Village - 550
    Found 12-month avg: 6347.0
  Success
Scraping: Victorian Village - 600
    Found 12-month avg: 5555.0
  Success
Scraping: Victorian Village - 650
    Found 12-month avg: 4790.0
  Success
Scraping: Victorian Village - 700
    Found 12-month avg: 3487.0
  Success
Scraping: Victorian Village - 750
    Found 12-month avg: 10844.0
  Success
Scraping: Victorian Village - 775
    Found 12-month avg: 3564.0
  Success
Scraping: Victorian Village - 800
    Found 12-month avg: 3806.0
  Success
Scraping: Victorian Village - 825
    Found 12-month avg: 3551.0
  Success
Scraping: Victorian Village - 850
    Found 12-month avg: 2792.0
  Success
Scraping: Victorian Village - 875
    Found 12-month avg: 2246.0
  Success
Scraping: Victorian Village - 900
    Found 12-month avg: 11630.0
  Success

Scrape complete: 17 successful, 0 failed
Scraping: Victorian Village - 250
    Found 12-month avg: 5339.0
  Success
Scraping: Victorian Village - 300
    Found 12-month avg: 3658.0
  Success
Scraping: Victorian Village - 350
    Found 12-month avg: 28957.0
    LEAK DETECTED: Leak
    (Leak alerts disabled for this meter)
  Success
Scraping: Victorian Village - 400
    Found 12-month avg: 3869.0
  Success
Scraping: Victorian Village - 450
    Found 12-month avg: 15350.0
  Success
Scraping: Victorian Village - 500
    Found 12-month avg: 19892.0
  Success
Scraping: Victorian Village - 550
    Found 12-month avg: 6347.0
  Success
Scraping: Victorian Village - 600
    Found 12-month avg: 5555.0
  Success
Scraping: Victorian Village - 650
    Found 12-month avg: 4790.0
  Success
Scraping: Victorian Village - 700
    Found 12-month avg: 3487.0
  Success
Scraping: Victorian Village - 750
    Found 12-month avg: 10844.0
  Success
Scraping: Victorian Village - 775
    Found 12-month avg: 3564.0
  Success
Scraping: Victorian Village - 800
    Found 12-month avg: 3806.0
  Success
Scraping: Victorian Village - 825
    LEAK DETECTED: REGISTERED E-MAIL
  Success
Scraping: Victorian Village - 850
    Found 12-month avg: 2797.0
    OVERAGE ALERT: [10%] At 1342 gal (day 13), projected 3200 gal (14% over 2797 avg)
  Success
Scraping: Victorian Village - 875
    Found 12-month avg: 2250.0
    OVERAGE ALERT: [10%] At 1052 gal (day 13), projected 2509 gal (11% over 2250 avg)
  Success
Scraping: Victorian Village - 900
    Found 12-month avg: 11630.0
  Success

Scrape complete: 17 successful, 0 failed
Scraping: Victorian Village - 250
    Found 12-month avg: 5339.0
  Success
Scraping: Victorian Village - 300
    Found 12-month avg: 3658.0
  Success
Scraping: Victorian Village - 350
    Found 12-month avg: 28957.0
    LEAK DETECTED: Leak
    (Leak alerts disabled for this meter)
  Success
Scraping: Victorian Village - 400
    Found 12-month avg: 3869.0
    OVERAGE ALERT: [20%] At 4337 gal (day 13), projected 10342 gal (167% over 3869 avg)
  Success
Scraping: Victorian Village - 450
    Found 12-month avg: 15350.0
    OVERAGE ALERT: [10%] At 7099 gal (day 13), projected 16928 gal (10% over 15350 avg)
  Success
Scraping: Victorian Village - 500
    Found 12-month avg: 19892.0
  Success
Scraping: Victorian Village - 550
    Found 12-month avg: 6347.0
  Success
Scraping: Victorian Village - 600
    Found 12-month avg: 5555.0
    OVERAGE ALERT: [10%] At 5434 gal (day 13), projected 12958 gal (133% over 5555 avg)
  Success
Scraping: Victorian Village - 650
    Found 12-month avg: 4790.0
  Success
Scraping: Victorian Village - 700
    Found 12-month avg: 3487.0
  Success
Scraping: Victorian Village - 750
    Found 12-month avg: 10844.0
    OVERAGE ALERT: [10%] At 5606 gal (day 13), projected 13368 gal (23% over 10844 avg)
  Success
Scraping: Victorian Village - 775
    Found 12-month avg: 3564.0
  Success
Scraping: Victorian Village - 800
    Found 12-month avg: 3806.0
  Success
Scraping: Victorian Village - 825
    Found 12-month avg: 3563.0
    OVERAGE ALERT: [10%] At 1936 gal (day 13), projected 4617 gal (30% over 3563 avg)
  Success
Scraping: Victorian Village - 850
    Found 12-month avg: 2797.0
    OVERAGE ALERT: [10%] At 1342 gal (day 13), projected 3200 gal (14% over 2797 avg)
  Success
Scraping: Victorian Village - 875
    Found 12-month avg: 2250.0
    OVERAGE ALERT: [10%] At 1052 gal (day 13), projected 2509 gal (11% over 2250 avg)
  Success
Scraping: Victorian Village - 900
    Found 12-month avg: 11630.0
  Success

Scrape complete: 17 successful, 0 failed
Scraping: Victorian Village - 250
    Found 12-month avg: 5339.0
  Success
Scraping: Victorian Village - 300
    Found 12-month avg: 3658.0
  Success
Scraping: Victorian Village - 350
    Found 12-month avg: 28957.0
    LEAK DETECTED: Leak
    (Leak alerts disabled for this meter)
  Success
Scraping: Victorian Village - 400
    Found 12-month avg: 3869.0
    OVERAGE ALERT: [30%] At 4337 gal (day 13), projected 10342 gal (167% over 3869 avg)
  Success
Scraping: Victorian Village - 450
    Found 12-month avg: 15350.0
  Success
Scraping: Victorian Village - 500
    Found 12-month avg: 19892.0
  Success
Scraping: Victorian Village - 550
    Found 12-month avg: 6347.0
  Success
Scraping: Victorian Village - 600
    Found 12-month avg: 5555.0
    OVERAGE ALERT: [20%] At 5434 gal (day 13), projected 12958 gal (133% over 5555 avg)
  Success
Scraping: Victorian Village - 650
    Found 12-month avg: 4790.0
  Success
Scraping: Victorian Village - 700
    Found 12-month avg: 3487.0
  Success
Scraping: Victorian Village - 750
    Found 12-month avg: 10844.0
    OVERAGE ALERT: [20%] At 5606 gal (day 13), projected 13368 gal (23% over 10844 avg)
  Success
Scraping: Victorian Village - 775
    Found 12-month avg: 3564.0
  Success
Scraping: Victorian Village - 800
    Found 12-month avg: 3806.0
  Success
Scraping: Victorian Village - 825
    Found 12-month avg: 3563.0
    OVERAGE ALERT: [20%] At 1936 gal (day 13), projected 4617 gal (30% over 3563 avg)
  Success
Scraping: Victorian Village - 850
    Found 12-month avg: 2797.0
  Success
Scraping: Victorian Village - 875
    Found 12-month avg: 2250.0
  Success
Scraping: Victorian Village - 900
    Found 12-month avg: 11630.0
  Success

Scrape complete: 17 successful, 0 failed
Scraping: Victorian Village - 250
    Found 12-month avg: 5339.0
  Success
Scraping: Victorian Village - 300
    Found 12-month avg: 3658.0
  Success
Scraping: Victorian Village - 350
    Found 12-month avg: 28957.0
    LEAK DETECTED: Leak
    (Leak alerts disabled for this meter)
  Success
Scraping: Victorian Village - 400
    Found 12-month avg: 3869.0
    OVERAGE ALERT: [10%] At 4337 gal (day 13), projected 10342 gal (167% over 3869 avg)
  Success
Scraping: Victorian Village - 450
    Found 12-month avg: 15350.0
    OVERAGE ALERT: [10%] At 7099 gal (day 13), projected 16928 gal (10% over 15350 avg)
  Success
Scraping: Victorian Village - 500
    Found 12-month avg: 19892.0
  Success
Scraping: Victorian Village - 550
    Found 12-month avg: 6347.0
  Success
Scraping: Victorian Village - 600
    Found 12-month avg: 5555.0
    OVERAGE ALERT: [10%] At 5434 gal (day 13), projected 12958 gal (133% over 5555 avg)
  Success
Scraping: Victorian Village - 650
    Found 12-month avg: 4790.0
  Success
Scraping: Victorian Village - 700
    Found 12-month avg: 3487.0
  Success
Scraping: Victorian Village - 750
    Found 12-month avg: 10844.0
    OVERAGE ALERT: [10%] At 5606 gal (day 13), projected 13368 gal (23% over 10844 avg)
  Success
Scraping: Victorian Village - 775
    Found 12-month avg: 3564.0
  Success
Scraping: Victorian Village - 800
    Found 12-month avg: 3806.0
  Success
Scraping: Victorian Village - 825
    Found 12-month avg: 3563.0
    OVERAGE ALERT: [10%] At 1936 gal (day 13), projected 4617 gal (30% over 3563 avg)
  Success
Scraping: Victorian Village - 850
    Found 12-month avg: 2797.0
    OVERAGE ALERT: [10%] At 1342 gal (day 13), projected 3200 gal (14% over 2797 avg)
  Success
Scraping: Victorian Village - 875
    Found 12-month avg: 2250.0
    OVERAGE ALERT: [10%] At 1052 gal (day 13), projected 2509 gal (11% over 2250 avg)
  Success
Scraping: Victorian Village - 900
    Found 12-month avg: 11630.0
  Success

Scrape complete: 17 successful, 0 failed
Scraping: Victorian Village - 250
    Found 12-month avg: 5339.0
  Success
Scraping: Victorian Village - 300
    Found 12-month avg: 3658.0
  Success
Scraping: Victorian Village - 350
    Found 12-month avg: 28957.0
    LEAK DETECTED: Leak
    (Leak alerts disabled for this meter)
  Success
Scraping: Victorian Village - 400
    Found 12-month avg: 3869.0
    OVERAGE ALERT: [20%] At 4337 gal (day 13), projected 10342 gal (167% over 3869 avg)
  Success
Scraping: Victorian Village - 450
    Found 12-month avg: 15350.0
  Success
Scraping: Victorian Village - 500
    Found 12-month avg: 19892.0
  Success
Scraping: Victorian Village - 550
    Found 12-month avg: 6347.0
  Success
Scraping: Victorian Village - 600
    Found 12-month avg: 5555.0
    OVERAGE ALERT: [20%] At 5434 gal (day 13), projected 12958 gal (133% over 5555 avg)
  Success
Scraping: Victorian Village - 650
    Found 12-month avg: 4790.0
  Success
Scraping: Victorian Village - 700
    Found 12-month avg: 3487.0
  Success
Scraping: Victorian Village - 750
    Found 12-month avg: 10844.0
    OVERAGE ALERT: [20%] At 5606 gal (day 13), projected 13368 gal (23% over 10844 avg)
  Success
Scraping: Victorian Village - 775
    Found 12-month avg: 3564.0
  Success
Scraping: Victorian Village - 800
    Found 12-month avg: 3806.0
  Success
Scraping: Victorian Village - 825
    Found 12-month avg: 3563.0
    OVERAGE ALERT: [20%] At 1936 gal (day 13), projected 4617 gal (30% over 3563 avg)
  Success
Scraping: Victorian Village - 850
    Found 12-month avg: 2797.0
  Success
Scraping: Victorian Village - 875
    Found 12-month avg: 2250.0
  Success
Scraping: Victorian Village - 900
    Found 12-month avg: 11630.0
  Success

Scrape complete: 17 successful, 0 failed
Scraping: Victorian Village - 250
    Found 12-month avg: 5339.0
  Success
Scraping: Victorian Village - 300
    Found 12-month avg: 3658.0
  Success
Scraping: Victorian Village - 350
    Found 12-month avg: 28957.0
    LEAK DETECTED: Leak
    (Leak alerts disabled for this meter)
  Success
Scraping: Victorian Village - 400
    Found 12-month avg: 3869.0
    OVERAGE ALERT: [30%] At 4337 gal (day 13), projected 10342 gal (167% over 3869 avg)
  Success
Scraping: Victorian Village - 450
    Found 12-month avg: 15350.0
  Success
Scraping: Victorian Village - 500
    Found 12-month avg: 19892.0
  Success
Scraping: Victorian Village - 550
    Found 12-month avg: 6347.0
  Success
Scraping: Victorian Village - 600
    Found 12-month avg: 5555.0
    OVERAGE ALERT: [30%] At 5434 gal (day 13), projected 12958 gal (133% over 5555 avg)
  Success
Scraping: Victorian Village - 650
    Found 12-month avg: 4790.0
  Success
Scraping: Victorian Village - 700
    Found 12-month avg: 3487.0
  Success
Scraping: Victorian Village - 750
    Found 12-month avg: 10844.0
  Success
Scraping: Victorian Village - 775
    Found 12-month avg: 3564.0
  Success
Scraping: Victorian Village - 800
    Found 12-month avg: 3806.0
  Success
Scraping: Victorian Village - 825
    Found 12-month avg: 3563.0
  Success
Scraping: Victorian Village - 850
    Found 12-month avg: 2797.0
  Success
Scraping: Victorian Village - 875
    Found 12-month avg: 2250.0
  Success
Scraping: Victorian Village - 900
    Found 12-month avg: 11630.0
  Success

Scrape complete: 17 successful, 0 failed
Scraping: Victorian Village - 250
    Found 12-month avg: 5339.0
  Success
Scraping: Victorian Village - 300
    Found 12-month avg: 3658.0
  Success
Scraping: Victorian Village - 350
    Found 12-month avg: 28957.0
    LEAK DETECTED: Leak
    (Leak alerts disabled for this meter)
  Success
Scraping: Victorian Village - 400
    Found 12-month avg: 3869.0
    OVERAGE ALERT: [40%] At 4337 gal (day 13), projected 10342 gal (167% over 3869 avg)
  Success
Scraping: Victorian Village - 450
    Found 12-month avg: 15350.0
  Success
Scraping: Victorian Village - 500
    Found 12-month avg: 19892.0
  Success
Scraping: Victorian Village - 550
    Found 12-month avg: 6347.0
  Success
Scraping: Victorian Village - 600
    Found 12-month avg: 5555.0
    OVERAGE ALERT: [30%] At 5434 gal (day 13), projected 12958 gal (133% over 5555 avg)
  Success
Scraping: Victorian Village - 650
    Found 12-month avg: 4790.0
  Success
Scraping: Victorian Village - 700
    Found 12-month avg: 3487.0
  Success
Scraping: Victorian Village - 750
    Found 12-month avg: 10844.0
  Success
Scraping: Victorian Village - 775
    Found 12-month avg: 3564.0
  Success
Scraping: Victorian Village - 800
    Found 12-month avg: 3806.0
  Success
Scraping: Victorian Village - 825
    Found 12-month avg: 3563.0
  Success
Scraping: Victorian Village - 850
    Found 12-month avg: 2797.0
  Success
Scraping: Victorian Village - 875
    Found 12-month avg: 2250.0
  Success
Scraping: Victorian Village - 900
    Found 12-month avg: 11630.0
  Success

Scrape complete: 17 successful, 0 failed
Scraping: Victorian Village - 250
    Found 12-month avg: 5339.0
  Success
Scraping: Victorian Village - 300
    Found 12-month avg: 3658.0
  Success
Scraping: Victorian Village - 350
    Found 12-month avg: 28957.0
    LEAK DETECTED: Leak
    (Leak alerts disabled for this meter)
  Success
Scraping: Victorian Village - 400
    Found 12-month avg: 3869.0
  Success
Scraping: Victorian Village - 450
    Found 12-month avg: 15350.0
  Success
Scraping: Victorian Village - 500
    Found 12-month avg: 19892.0
  Success
Scraping: Victorian Village - 550
    Found 12-month avg: 6347.0
  Success
Scraping: Victorian Village - 600
    Found 12-month avg: 5555.0
    OVERAGE ALERT: [40%] At 5434 gal (day 13), projected 12958 gal (133% over 5555 avg)
  Success
Scraping: Victorian Village - 650
    Found 12-month avg: 4790.0
  Success
Scraping: Victorian Village - 700
    Found 12-month avg: 3487.0
  Success
Scraping: Victorian Village - 750
    Found 12-month avg: 10844.0
  Success
Scraping: Victorian Village - 775
    Found 12-month avg: 3569.0
  Success
Scraping: Victorian Village - 800
    Found 12-month avg: 3806.0
  Success
Scraping: Victorian Village - 825
    Found 12-month avg: 3563.0
  Success
Scraping: Victorian Village - 850
    Found 12-month avg: 2797.0
  Success
Scraping: Victorian Village - 875
    Found 12-month avg: 2250.0
  Success
Scraping: Victorian Village - 900
    Found 12-month avg: 11630.0
  Success

Scrape complete: 17 successful, 0 failed
Scraping: Victorian Village - 250
    Found 12-month avg: 5339.0
  Success
Scraping: Victorian Village - 300
    Found 12-month avg: 3658.0
  Success
Scraping: Victorian Village - 350
    Found 12-month avg: 28957.0
    LEAK DETECTED: Leak
    (Leak alerts disabled for this meter)
  Success
Scraping: Victorian Village - 400
    Found 12-month avg: 3869.0
  Success
Scraping: Victorian Village - 450
    Found 12-month avg: 15350.0
  Success
Scraping: Victorian Village - 500
    Found 12-month avg: 19892.0
  Success
Scraping: Victorian Village - 550
    Found 12-month avg: 6347.0
  Success
Scraping: Victorian Village - 600
    Found 12-month avg: 5555.0
  Success
Scraping: Victorian Village - 650
    Found 12-month avg: 4790.0
  Success
Scraping: Victorian Village - 700
    Found 12-month avg: 3487.0
  Success
Scraping: Victorian Village - 750
    Found 12-month avg: 10851.0
  Success
Scraping: Victorian Village - 775
    Found 12-month avg: 3569.0
  Success
Scraping: Victorian Village - 800
    Found 12-month avg: 3806.0
  Success
Scraping: Victorian Village - 825
    Found 12-month avg: 3563.0
  Success
Scraping: Victorian Village - 850
    Found 12-month avg: 2797.0
  Success
Scraping: Victorian Village - 875
    Found 12-month avg: 2250.0
  Success
Scraping: Victorian Village - 900
    Found 12-month avg: 11630.0
  Success

Scrape complete: 17 successful, 0 failed
Scraping: Victorian Village - 250
    Found 12-month avg: 5339.0
  Success
Scraping: Victorian Village - 300
    Found 12-month avg: 3658.0
  Success
Scraping: Victorian Village - 350
    Found 12-month avg: 28957.0
    LEAK DETECTED: Leak
    (Leak alerts disabled for this meter)
  Success
Scraping: Victorian Village - 400
    Found 12-month avg: 3869.0
  Success
Scraping: Victorian Village - 450
    Found 12-month avg: 15350.0
  Success
Scraping: Victorian Village - 500
    Found 12-month avg: 19892.0
  Success
Scraping: Victorian Village - 550
    Found 12-month avg: 6347.0
  Success
Scraping: Victorian Village - 600
    Found 12-month avg: 5565.0
  Success
Scraping: Victorian Village - 650
    Found 12-month avg: 4790.0
  Success
Scraping: Victorian Village - 700
    Found 12-month avg: 3489.0
  Success
Scraping: Victorian Village - 750
    Found 12-month avg: 10851.0
  Success
Scraping: Victorian Village - 775
    Found 12-month avg: 3569.0
  Success
Scraping: Victorian Village - 800
    Found 12-month avg: 3806.0
  Success
Scraping: Victorian Village - 825
    LEAK DETECTED: REGISTERED E-MAIL
  Success
Scraping: Victorian Village - 850
    Found 12-month avg: 2797.0
  Success
Scraping: Victorian Village - 875
    Found 12-month avg: 2250.0
  Success
Scraping: Victorian Village - 900
    Found 12-month avg: 11630.0
  Success

Scrape complete: 17 successful, 0 failed
Scraping: Victorian Village - 250
    Found 12-month avg: 5339.0
  Success
Scraping: Victorian Village - 300
    Found 12-month avg: 3658.0
  Success
Scraping: Victorian Village - 350
    Found 12-month avg: 28992.0
    LEAK DETECTED: Leak
    (Leak alerts disabled for this meter)
  Success
Scraping: Victorian Village - 400
    Found 12-month avg: 3869.0
  Success
Scraping: Victorian Village - 450
    Found 12-month avg: 15377.0
  Success
Scraping: Victorian Village - 500
    Found 12-month avg: 19911.0
  Success
Scraping: Victorian Village - 550
    Found 12-month avg: 6347.0
  Success
Scraping: Victorian Village - 600
    Found 12-month avg: 5565.0
  Success
Scraping: Victorian Village - 650
    Found 12-month avg: 4790.0
  Success
Scraping: Victorian Village - 700
    Found 12-month avg: 3489.0
  Success
Scraping: Victorian Village - 750
    Found 12-month avg: 10851.0
  Success
Scraping: Victorian Village - 775
    Found 12-month avg: 3569.0
  Success
Scraping: Victorian Village - 800
    Found 12-month avg: 3806.0
  Success
Scraping: Victorian Village - 825
    Found 12-month avg: 3563.0
  Success
Scraping: Victorian Village - 850
    Found 12-month avg: 2797.0
  Success
Scraping: Victorian Village - 875
    Found 12-month avg: 2250.0
  Success
Scraping: Victorian Village - 900
    Found 12-month avg: 11630.0
  Success

Scrape complete: 17 successful, 0 failed
Scraping: Victorian Village - 250
    Found 12-month avg: 5339.0
  Success
Scraping: Victorian Village - 300
    Found 12-month avg: 3658.0
  Success
Scraping: Victorian Village - 350
    Found 12-month avg: 28992.0
    LEAK DETECTED: Leak
    (Leak alerts disabled for this meter)
  Success
Scraping: Victorian Village - 400
    Found 12-month avg: 3869.0
  Success
Scraping: Victorian Village - 450
    Found 12-month avg: 15377.0
  Success
Scraping: Victorian Village - 500
    Found 12-month avg: 19911.0
  Success
Scraping: Victorian Village - 550
    Found 12-month avg: 6352.0
  Success
Scraping: Victorian Village - 600
    Found 12-month avg: 5565.0
  Success
Scraping: Victorian Village - 650
    Found 12-month avg: 4801.0
    OVERAGE ALERT: [10%] At 2285 gal (day 13), projected 5449 gal (13% over 4801 avg)
  Success
Scraping: Victorian Village - 700
    Found 12-month avg: 3489.0
  Success
Scraping: Victorian Village - 750
    Found 12-month avg: 10851.0
  Success
Scraping: Victorian Village - 775
    Found 12-month avg: 3569.0
  Success
Scraping: Victorian Village - 800
    Found 12-month avg: 3808.0
  Success
Scraping: Victorian Village - 825
    Found 12-month avg: 3563.0
  Success
Scraping: Victorian Village - 850
    Found 12-month avg: 2797.0
  Success
Scraping: Victorian Village - 875
    Found 12-month avg: 2250.0
  Success
Scraping: Victorian Village - 900
    Found 12-month avg: 11643.0
  Success

Scrape complete: 17 successful, 0 failed
Scraping: Victorian Village - 250
    Found 12-month avg: 5347.0
  Success
Scraping: Victorian Village - 300
    Found 12-month avg: 3658.0
  Success
Scraping: Victorian Village - 350
    Found 12-month avg: 28992.0
    LEAK DETECTED: Leak
    (Leak alerts disabled for this meter)
  Success
Scraping: Victorian Village - 400
    Found 12-month avg: 3871.0
  Success
Scraping: Victorian Village - 450
    Found 12-month avg: 15377.0
  Success
Scraping: Victorian Village - 500
    Found 12-month avg: 19911.0
  Success
Scraping: Victorian Village - 550
    Found 12-month avg: 6352.0
  Success
Scraping: Victorian Village - 600
    Found 12-month avg: 5565.0
  Success
Scraping: Victorian Village - 650
    Found 12-month avg: 4801.0
  Success
Scraping: Victorian Village - 700
    Found 12-month avg: 3489.0
  Success
Scraping: Victorian Village - 750
    Found 12-month avg: 10851.0
  Success
Scraping: Victorian Village - 775
    Found 12-month avg: 3569.0
  Success
Scraping: Victorian Village - 800
    Found 12-month avg: 3808.0
  Success
Scraping: Victorian Village - 825
    Found 12-month avg: 3570.0
  Success
Scraping: Victorian Village - 850
    Found 12-month avg: 2799.0
  Success
Scraping: Victorian Village - 875
    Found 12-month avg: 2254.0
  Success
Scraping: Victorian Village - 900
    Found 12-month avg: 11643.0
  Success

Scrape complete: 17 successful, 0 failed
Scraping: Victorian Village - 250
    Found 12-month avg: 5347.0
  Success
Scraping: Victorian Village - 300
    Found 12-month avg: 3658.0
  Success
Scraping: Victorian Village - 350
    Found 12-month avg: 28992.0
    LEAK DETECTED: Leak
    (Leak alerts disabled for this meter)
  Success
Scraping: Victorian Village - 400
    Found 12-month avg: 3871.0
  Success
Scraping: Victorian Village - 450
    Found 12-month avg: 15377.0
  Success
Scraping: Victorian Village - 500
    Found 12-month avg: 19911.0
  Success
Scraping: Victorian Village - 550
    Found 12-month avg: 6352.0
  Success
Scraping: Victorian Village - 600
    Found 12-month avg: 5565.0
  Success
Scraping: Victorian Village - 650
    Found 12-month avg: 4801.0
  Success
Scraping: Victorian Village - 700
    Found 12-month avg: 3489.0
  Success
Scraping: Victorian Village - 750
    Found 12-month avg: 10851.0
  Success
Scraping: Victorian Village - 775
    Found 12-month avg: 3569.0
  Success
Scraping: Victorian Village - 800
    Found 12-month avg: 3808.0
  Success
Scraping: Victorian Village - 825
    Found 12-month avg: 3570.0
  Success
Scraping: Victorian Village - 850
    Found 12-month avg: 2799.0
  Success
Scraping: Victorian Village - 875
    Found 12-month avg: 2254.0
  Success
Scraping: Victorian Village - 900
    Found 12-month avg: 11643.0
  Success

Scrape complete: 17 successful, 0 failed
Scraping: Victorian Village - 250
    Found 12-month avg: 5347.0
  Success
Scraping: Victorian Village - 300
    Found 12-month avg: 3658.0
  Success
Scraping: Victorian Village - 350
    Found 12-month avg: 28992.0
    LEAK DETECTED: Leak
    (Leak alerts disabled for this meter)
  Success
Scraping: Victorian Village - 400
    Found 12-month avg: 3871.0
  Success
Scraping: Victorian Village - 450
    Found 12-month avg: 15377.0
  Success
Scraping: Victorian Village - 500
    Found 12-month avg: 19911.0
  Success
Scraping: Victorian Village - 550
    Found 12-month avg: 6352.0
  Success
Scraping: Victorian Village - 600
    Found 12-month avg: 5565.0
  Success
Scraping: Victorian Village - 650
    Found 12-month avg: 4801.0
  Success
Scraping: Victorian Village - 700
    Found 12-month avg: 3489.0
  Success
Scraping: Victorian Village - 750
    Found 12-month avg: 10851.0
  Success
Scraping: Victorian Village - 775
    Found 12-month avg: 3569.0
  Success
Scraping: Victorian Village - 800
    Found 12-month avg: 3808.0
  Success
Scraping: Victorian Village - 825
    Found 12-month avg: 3570.0
  Success
Scraping: Victorian Village - 850
    Found 12-month avg: 2799.0
  Success
Scraping: Victorian Village - 875
    Found 12-month avg: 2254.0
  Success
Scraping: Victorian Village - 900
    Found 12-month avg: 11643.0
  Success

Scrape complete: 17 successful, 0 failed
Scraping: Victorian Village - 250
    Found 12-month avg: 5347.0
  Success
Scraping: Victorian Village - 300
    Found 12-month avg: 3658.0
  Success
Scraping: Victorian Village - 350
    Found 12-month avg: 28992.0
    LEAK DETECTED: Leak
    (Leak alerts disabled for this meter)
  Success
Scraping: Victorian Village - 400
    Found 12-month avg: 3871.0
  Success
Scraping: Victorian Village - 450
    Found 12-month avg: 15377.0
  Success
Scraping: Victorian Village - 500
    Found 12-month avg: 19911.0
  Success
Scraping: Victorian Village - 550
    LEAK DETECTED: REGISTERED E-MAIL
  Success
Scraping: Victorian Village - 600
    Found 12-month avg: 5565.0
  Success
Scraping: Victorian Village - 650
    Found 12-month avg: 4801.0
  Success
Scraping: Victorian Village - 700
    Found 12-month avg: 3489.0
  Success
Scraping: Victorian Village - 750
    Found 12-month avg: 10851.0
  Success
Scraping: Victorian Village - 775
    Found 12-month avg: 3569.0
  Success
Scraping: Victorian Village - 800
    Found 12-month avg: 3808.0
  Success
Scraping: Victorian Village - 825
    Found 12-month avg: 3570.0
  Success
Scraping: Victorian Village - 850
    Found 12-month avg: 2799.0
  Success
Scraping: Victorian Village - 875
    Found 12-month avg: 2254.0
  Success
Scraping: Victorian Village - 900
    Found 12-month avg: 11643.0
  Success

Scrape complete: 17 successful, 0 failed
Scraping: Victorian Village - 250
    Found 12-month avg: 5347.0
  Success
Scraping: Victorian Village - 300
    Found 12-month avg: 3658.0
  Success
Scraping: Victorian Village - 350
    Found 12-month avg: 28992.0
    LEAK DETECTED: Leak
    (Leak alerts disabled for this meter)
  Success
Scraping: Victorian Village - 400
    Found 12-month avg: 3871.0
  Success
Scraping: Victorian Village - 450
    Found 12-month avg: 15377.0
  Success
Scraping: Victorian Village - 500
    Found 12-month avg: 19911.0
  Success
Scraping: Victorian Village - 550
    Found 12-month avg: 6352.0
  Success
Scraping: Victorian Village - 600
    Found 12-month avg: 5565.0
  Success
Scraping: Victorian Village - 650
    Found 12-month avg: 4801.0
  Success
Scraping: Victorian Village - 700
    Found 12-month avg: 3489.0
  Success
Scraping: Victorian Village - 750
    Found 12-month avg: 10851.0
  Success
Scraping: Victorian Village - 775
    Found 12-month avg: 3569.0
  Success
Scraping: Victorian Village - 800
    Found 12-month avg: 3808.0
  Success
Scraping: Victorian Village - 825
    Found 12-month avg: 3570.0
  Success
Scraping: Victorian Village - 850
    Found 12-month avg: 2799.0
  Success
Scraping: Victorian Village - 875
    Found 12-month avg: 2254.0
  Success
Scraping: Victorian Village - 900
    Found 12-month avg: 11643.0
  Success

Scrape complete: 17 successful, 0 failed
Scraping: Victorian Village - 250
    Found 12-month avg: 5347.0
  Success
Scraping: Victorian Village - 300
    Found 12-month avg: 3658.0
  Success
Scraping: Victorian Village - 350
    Found 12-month avg: 28992.0
    LEAK DETECTED: Leak
    (Leak alerts disabled for this meter)
  Success
Scraping: Victorian Village - 400
    Found 12-month avg: 3871.0
  Success
Scraping: Victorian Village - 450
    Found 12-month avg: 15377.0
  Success
Scraping: Victorian Village - 500
    Found 12-month avg: 19911.0
  Success
Scraping: Victorian Village - 550
    Found 12-month avg: 6352.0
  Success
Scraping: Victorian Village - 600
    Found 12-month avg: 5565.0
  Success
Scraping: Victorian Village - 650
    Found 12-month avg: 4801.0
  Success
Scraping: Victorian Village - 700
    Found 12-month avg: 3489.0
  Success
Scraping: Victorian Village - 750
    Found 12-month avg: 10851.0
  Success
Scraping: Victorian Village - 775
    Found 12-month avg: 3569.0
  Success
Scraping: Victorian Village - 800
    Found 12-month avg: 3808.0
  Success
Scraping: Victorian Village - 825
    Found 12-month avg: 3570.0
  Success
Scraping: Victorian Village - 850
    Found 12-month avg: 2799.0
  Success
Scraping: Victorian Village - 875
    Found 12-month avg: 2254.0
  Success
Scraping: Victorian Village - 900
    Found 12-month avg: 11643.0
  Success

Scrape complete: 17 successful, 0 failed
Scraping: Victorian Village - 250
    Found 12-month avg: 5347.0
  Success
Scraping: Victorian Village - 300
    Found 12-month avg: 3658.0
  Success
Scraping: Victorian Village - 350
    Found 12-month avg: 28992.0
    LEAK DETECTED: Leak
    (Leak alerts disabled for this meter)
  Success
Scraping: Victorian Village - 400
    Found 12-month avg: 3871.0
  Success
Scraping: Victorian Village - 450
    Found 12-month avg: 15377.0
  Success
Scraping: Victorian Village - 500
    Found 12-month avg: 19911.0
  Success
Scraping: Victorian Village - 550
    LEAK DETECTED: REGISTERED E-MAIL
  Success
Scraping: Victorian Village - 600
    Found 12-month avg: 5565.0
  Success
Scraping: Victorian Village - 650
    Found 12-month avg: 4801.0
  Success
Scraping: Victorian Village - 700
    Found 12-month avg: 3489.0
  Success
Scraping: Victorian Village - 750
    Found 12-month avg: 10851.0
  Success
Scraping: Victorian Village - 775
    Found 12-month avg: 3569.0
  Success
Scraping: Victorian Village - 800
    Found 12-month avg: 3808.0
  Success
Scraping: Victorian Village - 825
    Found 12-month avg: 3570.0
  Success
Scraping: Victorian Village - 850
    Found 12-month avg: 2799.0
  Success
Scraping: Victorian Village - 875
    Found 12-month avg: 2254.0
  Success
Scraping: Victorian Village - 900
    Found 12-month avg: 11643.0
  Success

Scrape complete: 17 successful, 0 failed
Scraping: Victorian Village - 250
    Found 12-month avg: 5347.0
  Success
Scraping: Victorian Village - 300
    Found 12-month avg: 3658.0
  Success
Scraping: Victorian Village - 350
    Found 12-month avg: 28992.0
    LEAK DETECTED: Leak
    (Leak alerts disabled for this meter)
  Success
Scraping: Victorian Village - 400
    Found 12-month avg: 3871.0
  Success
Scraping: Victorian Village - 450
    Found 12-month avg: 15377.0
  Success
Scraping: Victorian Village - 500
    Found 12-month avg: 19911.0
  Success
Scraping: Victorian Village - 550
    Found 12-month avg: 6352.0
  Success
Scraping: Victorian Village - 600
    Found 12-month avg: 5565.0
  Success
Scraping: Victorian Village - 650
    Found 12-month avg: 4801.0
  Success
Scraping: Victorian Village - 700
    Found 12-month avg: 3489.0
  Success
Scraping: Victorian Village - 750
    Found 12-month avg: 10851.0
  Success
Scraping: Victorian Village - 775
    Found 12-month avg: 3574.0
  Success
Scraping: Victorian Village - 800
    Found 12-month avg: 3808.0
  Success
Scraping: Victorian Village - 825
    Found 12-month avg: 3570.0
  Success
Scraping: Victorian Village - 850
    Found 12-month avg: 2799.0
  Success
Scraping: Victorian Village - 875
    Found 12-month avg: 2254.0
  Success
Scraping: Victorian Village - 900
    Found 12-month avg: 11643.0
  Success

Scrape complete: 17 successful, 0 failed
Scraping: Victorian Village - 250
    Found 12-month avg: 5347.0
  Success
Scraping: Victorian Village - 300
    Found 12-month avg: 3658.0
  Success
Scraping: Victorian Village - 350
    Found 12-month avg: 28992.0
    LEAK DETECTED: Leak
    (Leak alerts disabled for this meter)
  Success
Scraping: Victorian Village - 400
    Found 12-month avg: 3871.0
  Success
Scraping: Victorian Village - 450
    Found 12-month avg: 15377.0
  Success
Scraping: Victorian Village - 500
    Found 12-month avg: 19911.0
  Success
Scraping: Victorian Village - 550
    Found 12-month avg: 6352.0
  Success
Scraping: Victorian Village - 600
    Found 12-month avg: 5565.0
  Success
Scraping: Victorian Village - 650
    Found 12-month avg: 4801.0
  Success
Scraping: Victorian Village - 700
    Found 12-month avg: 3489.0
  Success
Scraping: Victorian Village - 750
    Found 12-month avg: 10863.0
  Success
Scraping: Victorian Village - 775
    Found 12-month avg: 3574.0
  Success
Scraping: Victorian Village - 800
    Found 12-month avg: 3808.0
  Success
Scraping: Victorian Village - 825
    Found 12-month avg: 3570.0
  Success
Scraping: Victorian Village - 850
    Found 12-month avg: 2799.0
  Success
Scraping: Victorian Village - 875
    Found 12-month avg: 2254.0
  Success
Scraping: Victorian Village - 900
    Found 12-month avg: 11643.0
  Success

Scrape complete: 17 successful, 0 failed
Scraping: Victorian Village - 250
    Found 12-month avg: 5347.0
  Success
Scraping: Victorian Village - 300
    Found 12-month avg: 3658.0
  Success
Scraping: Victorian Village - 350
    Found 12-month avg: 28992.0
    LEAK DETECTED: Leak
    (Leak alerts disabled for this meter)
  Success
Scraping: Victorian Village - 400
    Found 12-month avg: 3871.0
  Success
Scraping: Victorian Village - 450
    Found 12-month avg: 15377.0
  Success
Scraping: Victorian Village - 500
    Found 12-month avg: 19911.0
  Success
Scraping: Victorian Village - 550
    Found 12-month avg: 6352.0
  Success
Scraping: Victorian Village - 600
    Found 12-month avg: 5565.0
  Success
Scraping: Victorian Village - 650
    Found 12-month avg: 4801.0
  Success
Scraping: Victorian Village - 700
    Found 12-month avg: 3495.0
  Success
Scraping: Victorian Village - 750
    Found 12-month avg: 10863.0
  Success
Scraping: Victorian Village - 775
    Found 12-month avg: 3574.0
  Success
Scraping: Victorian Village - 800
    Found 12-month avg: 3808.0
  Success
Scraping: Victorian Village - 825
    Found 12-month avg: 3570.0
  Success
Scraping: Victorian Village - 850
    Found 12-month avg: 2799.0
  Success
Scraping: Victorian Village - 875
    Found 12-month avg: 2254.0
  Success
Scraping: Victorian Village - 900
    Found 12-month avg: 11643.0
  Success

Scrape complete: 17 successful, 0 failed
Scraping: Victorian Village - 250
    Found 12-month avg: 5347.0
  Success
Scraping: Victorian Village - 300
    Found 12-month avg: 3658.0
  Success
Scraping: Victorian Village - 350
    Found 12-month avg: 29037.0
    LEAK DETECTED: Leak
    (Leak alerts disabled for this meter)
  Success
Scraping: Victorian Village - 400
    Found 12-month avg: 3871.0
  Success
Scraping: Victorian Village - 450
    Found 12-month avg: 15419.0
  Success
Scraping: Victorian Village - 500
    Found 12-month avg: 19989.0
  Success
Scraping: Victorian Village - 550
    Found 12-month avg: 6352.0
  Success
Scraping: Victorian Village - 600
    Found 12-month avg: 5578.0
  Success
Scraping: Victorian Village - 650
    Found 12-month avg: 4801.0
  Success
Scraping: Victorian Village - 700
    Found 12-month avg: 3495.0
  Success
Scraping: Victorian Village - 750
    Found 12-month avg: 10863.0
  Success
Scraping: Victorian Village - 775
    Found 12-month avg: 3574.0
  Success
Scraping: Victorian Village - 800
    Found 12-month avg: 3808.0
  Success
Scraping: Victorian Village - 825
    Found 12-month avg: 3570.0
  Success
Scraping: Victorian Village - 850
    Found 12-month avg: 2799.0
  Success
Scraping: Victorian Village - 875
    Found 12-month avg: 2254.0
  Success
Scraping: Victorian Village - 900
    Found 12-month avg: 11643.0
  Success

Scrape complete: 17 successful, 0 failed
Scraping: Victorian Village - 250
    Found 12-month avg: 5347.0
  Success
Scraping: Victorian Village - 300
    Found 12-month avg: 3658.0
  Success
Scraping: Victorian Village - 350
    Found 12-month avg: 29037.0
    LEAK DETECTED: Leak
    (Leak alerts disabled for this meter)
  Success
Scraping: Victorian Village - 400
    Found 12-month avg: 3871.0
  Success
Scraping: Victorian Village - 450
    Found 12-month avg: 15419.0
  Success
Scraping: Victorian Village - 500
    Found 12-month avg: 19989.0
  Success
Scraping: Victorian Village - 550
    Found 12-month avg: 6355.0
  Success
Scraping: Victorian Village - 600
    Found 12-month avg: 5578.0
  Success
Scraping: Victorian Village - 650
    Found 12-month avg: 4807.0
  Success
Scraping: Victorian Village - 700
    Found 12-month avg: 3495.0
  Success
Scraping: Victorian Village - 750
    Found 12-month avg: 10863.0
  Success
Scraping: Victorian Village - 775
    Found 12-month avg: 3574.0
  Success
Scraping: Victorian Village - 800
    Found 12-month avg: 3815.0
  Success
Scraping: Victorian Village - 825
    Found 12-month avg: 3570.0
  Success
Scraping: Victorian Village - 850
    Found 12-month avg: 2799.0
  Success
Scraping: Victorian Village - 875
    Found 12-month avg: 2254.0
  Success
Scraping: Victorian Village - 900
    Found 12-month avg: 11666.0
  Success

Scrape complete: 17 successful, 0 failed
Scraping: Victorian Village - 250
    Found 12-month avg: 5355.0
  Success
Scraping: Victorian Village - 300
    Found 12-month avg: 3658.0
  Success
Scraping: Victorian Village - 350
    Found 12-month avg: 29037.0
    LEAK DETECTED: Leak
    (Leak alerts disabled for this meter)
  Success
Scraping: Victorian Village - 400
    Found 12-month avg: 3884.0
  Success
Scraping: Victorian Village - 450
    Found 12-month avg: 15419.0
  Success
Scraping: Victorian Village - 500
    Found 12-month avg: 19989.0
  Success
Scraping: Victorian Village - 550
    Found 12-month avg: 6355.0
  Success
Scraping: Victorian Village - 600
    Found 12-month avg: 5578.0
  Success
Scraping: Victorian Village - 650
    Found 12-month avg: 4807.0
  Success
Scraping: Victorian Village - 700
    Found 12-month avg: 3495.0
  Success
Scraping: Victorian Village - 750
    Found 12-month avg: 10863.0
  Success
Scraping: Victorian Village - 775
    Found 12-month avg: 3574.0
  Success
Scraping: Victorian Village - 800
    Found 12-month avg: 3815.0
  Success
Scraping: Victorian Village - 825
    Found 12-month avg: 3580.0
    OVERAGE ALERT: [30%] At 2160 gal (day 14), projected 4783 gal (34% over 3580 avg)
  Success
Scraping: Victorian Village - 850
    Found 12-month avg: 2806.0
  Success
Scraping: Victorian Village - 875
    Found 12-month avg: 2259.0
  Success
Scraping: Victorian Village - 900
    Found 12-month avg: 11666.0
  Success

Scrape complete: 17 successful, 0 failed
Scraping: Victorian Village - 250
    Found 12-month avg: 5355.0
  Success
Scraping: Victorian Village - 300
    Found 12-month avg: 3658.0
  Success
Scraping: Victorian Village - 350
    Found 12-month avg: 29037.0
    LEAK DETECTED: Leak
    (Leak alerts disabled for this meter)
  Success
Scraping: Victorian Village - 400
    Found 12-month avg: 3884.0
  Success
Scraping: Victorian Village - 450
    Found 12-month avg: 15419.0
  Success
Scraping: Victorian Village - 500
    Found 12-month avg: 19989.0
  Success
Scraping: Victorian Village - 550
    Found 12-month avg: 6355.0
  Success
Scraping: Victorian Village - 600
    Found 12-month avg: 5578.0
  Success
Scraping: Victorian Village - 650
    Found 12-month avg: 4807.0
  Success
Scraping: Victorian Village - 700
    Found 12-month avg: 3495.0
  Success
Scraping: Victorian Village - 750
    Found 12-month avg: 10863.0
  Success
Scraping: Victorian Village - 775
    Found 12-month avg: 3574.0
  Success
Scraping: Victorian Village - 800
    Found 12-month avg: 3815.0
  Success
Scraping: Victorian Village - 825
    Found 12-month avg: 3580.0
  Success
Scraping: Victorian Village - 850
    Found 12-month avg: 2806.0
  Success
Scraping: Victorian Village - 875
    Found 12-month avg: 2259.0
  Success
Scraping: Victorian Village - 900
    Found 12-month avg: 11666.0
  Success

Scrape complete: 17 successful, 0 failed
Scraping: Victorian Village - 250
    Found 12-month avg: 5355.0
  Success
Scraping: Victorian Village - 300
    Found 12-month avg: 3658.0
  Success
Scraping: Victorian Village - 350
    Found 12-month avg: 29037.0
    LEAK DETECTED: Leak
    (Leak alerts disabled for this meter)
  Success
Scraping: Victorian Village - 400
    Found 12-month avg: 3884.0
  Success
Scraping: Victorian Village - 450
    Found 12-month avg: 15419.0
  Success
Scraping: Victorian Village - 500
    Found 12-month avg: 19989.0
  Success
Scraping: Victorian Village - 550
    Found 12-month avg: 6355.0
  Success
Scraping: Victorian Village - 600
    Found 12-month avg: 5578.0
  Success
Scraping: Victorian Village - 650
    Found 12-month avg: 4807.0
  Success
Scraping: Victorian Village - 700
    Found 12-month avg: 3495.0
  Success
Scraping: Victorian Village - 750
    Found 12-month avg: 10863.0
  Success
Scraping: Victorian Village - 775
    Found 12-month avg: 3574.0
  Success
Scraping: Victorian Village - 800
    Found 12-month avg: 3815.0
  Success
Scraping: Victorian Village - 825
    Found 12-month avg: 3580.0
  Success
Scraping: Victorian Village - 850
    Found 12-month avg: 2806.0
  Success
Scraping: Victorian Village - 875
    Found 12-month avg: 2259.0
  Success
Scraping: Victorian Village - 900
    Found 12-month avg: 11666.0
  Success

Scrape complete: 17 successful, 0 failed
Scraping: Victorian Village - 250
    Found 12-month avg: 5355.0
  Success
Scraping: Victorian Village - 300
    Found 12-month avg: 3658.0
  Success
Scraping: Victorian Village - 350
    LEAK DETECTED: REGISTERED E-MAIL
    (Leak alerts disabled for this meter)
  Success
Scraping: Victorian Village - 400
    Found 12-month avg: 3884.0
  Success
Scraping: Victorian Village - 450
    LEAK DETECTED: REGISTERED E-MAIL
  Success
Scraping: Victorian Village - 500
    Found 12-month avg: 19989.0
  Success
Scraping: Victorian Village - 550
  Success
Scraping: Victorian Village - 600
    LEAK DETECTED: REGISTERED E-MAIL
  Success
Scraping: Victorian Village - 650
    Found 12-month avg: 4807.0
  Success
Scraping: Victorian Village - 700
  Success
Scraping: Victorian Village - 750
    Found 12-month avg: 10863.0
  Success
Scraping: Victorian Village - 775
  Success
Scraping: Victorian Village - 800
    Found 12-month avg: 3815.0
  Success
Scraping: Victorian Village - 825
    Found 12-month avg: 3580.0
  Success
Scraping: Victorian Village - 850
    LEAK DETECTED: REGISTERED E-MAIL
  Success
Scraping: Victorian Village - 875
    Found 12-month avg: 2259.0
  Success
Scraping: Victorian Village - 900
  Success

Scrape complete: 17 successful, 0 failed
Scraping: Victorian Village - 250
    Found 12-month avg: 5355.0
  Success
Scraping: Victorian Village - 300
    Found 12-month avg: 3658.0
  Success
Scraping: Victorian Village - 350
    LEAK DETECTED: REGISTERED E-MAIL
    (Leak alerts disabled for this meter)
  Success
Scraping: Victorian Village - 400
    Found 12-month avg: 3884.0
  Success
Scraping: Victorian Village - 450
  Success
Scraping: Victorian Village - 500
    Found 12-month avg: 19989.0
  Success
Scraping: Victorian Village - 550
  Success
Scraping: Victorian Village - 600
    LEAK DETECTED: REGISTERED E-MAIL
  Success
Scraping: Victorian Village - 650
    Found 12-month avg: 4807.0
  Success
Scraping: Victorian Village - 700
  Success
Scraping: Victorian Village - 750
    Found 12-month avg: 10863.0
  Success
Scraping: Victorian Village - 775
  Success
Scraping: Victorian Village - 800
    Found 12-month avg: 3815.0
  Success
Scraping: Victorian Village - 825
    Found 12-month avg: 3580.0
  Success
Scraping: Victorian Village - 850
    LEAK DETECTED: REGISTERED E-MAIL
  Success
Scraping: Victorian Village - 875
    Found 12-month avg: 2259.0
  Success
Scraping: Victorian Village - 900
    LEAK DETECTED: REGISTERED E-MAIL
  Success

Scrape complete: 17 successful, 0 failed
Scraping: Victorian Village - 250
    Found 12-month avg: 5355.0
  Success
Scraping: Victorian Village - 300
    Found 12-month avg: 3658.0
  Success
Scraping: Victorian Village - 350
    Found 12-month avg: 29037.0
    LEAK DETECTED: Leak
    (Leak alerts disabled for this meter)
  Success
Scraping: Victorian Village - 400
    Found 12-month avg: 3884.0
  Success
Scraping: Victorian Village - 450
    Found 12-month avg: 15419.0
  Success
Scraping: Victorian Village - 500
    Found 12-month avg: 19989.0
  Success
Scraping: Victorian Village - 550
    Found 12-month avg: 6355.0
  Success
Scraping: Victorian Village - 600
    Found 12-month avg: 5578.0
  Success
Scraping: Victorian Village - 650
    Found 12-month avg: 4807.0
  Success
Scraping: Victorian Village - 700
    Found 12-month avg: 3495.0
  Success
Scraping: Victorian Village - 750
    Found 12-month avg: 10863.0
  Success
Scraping: Victorian Village - 775
    Found 12-month avg: 3574.0
  Success
Scraping: Victorian Village - 800
    Found 12-month avg: 3815.0
  Success
Scraping: Victorian Village - 825
    Found 12-month avg: 3580.0
  Success
Scraping: Victorian Village - 850
    Found 12-month avg: 2806.0
  Success
Scraping: Victorian Village - 875
    Found 12-month avg: 2259.0
  Success
Scraping: Victorian Village - 900
    Found 12-month avg: 11666.0
  Success

Scrape complete: 17 successful, 0 failed
Scraping: Victorian Village - 250
    LEAK DETECTED: REGISTERED E-MAIL
  Success
Scraping: Victorian Village - 300
    Found 12-month avg: 3658.0
  Success
Scraping: Victorian Village - 350
    LEAK DETECTED: REGISTERED E-MAIL
    (Leak alerts disabled for this meter)
  Success
Scraping: Victorian Village - 400
    Found 12-month avg: 3884.0
  Success
Scraping: Victorian Village - 450
    Found 12-month avg: 15419.0
  Success
Scraping: Victorian Village - 500
    LEAK DETECTED: REGISTERED E-MAIL
  Success
Scraping: Victorian Village - 550
    Found 12-month avg: 6355.0
  Success
Scraping: Victorian Village - 600
  Success
Scraping: Victorian Village - 650
    Found 12-month avg: 4807.0
  Success
Scraping: Victorian Village - 700
    Found 12-month avg: 3495.0
  Success
Scraping: Victorian Village - 750
    LEAK DETECTED: REGISTERED E-MAIL
  Success
Scraping: Victorian Village - 775
    Found 12-month avg: 3574.0
  Success
Scraping: Victorian Village - 800
    LEAK DETECTED: REGISTERED E-MAIL
  Success
Scraping: Victorian Village - 825
    Found 12-month avg: 3580.0
  Success
Scraping: Victorian Village - 850
    Found 12-month avg: 2806.0
  Success
Scraping: Victorian Village - 875
    LEAK DETECTED: REGISTERED E-MAIL
  Success
Scraping: Victorian Village - 900
    Found 12-month avg: 11666.0
  Success

Scrape complete: 17 successful, 0 failed
Scraping: Victorian Village - 250
  Success
Scraping: Victorian Village - 300
    Found 12-month avg: 3658.0
  Success
Scraping: Victorian Village - 350
    LEAK DETECTED: REGISTERED E-MAIL
    (Leak alerts disabled for this meter)
  Success
Scraping: Victorian Village - 400
    Found 12-month avg: 3884.0
  Success
Scraping: Victorian Village - 450
    Found 12-month avg: 15419.0
  Success
Scraping: Victorian Village - 500
    Found 12-month avg: 19989.0
  Success
Scraping: Victorian Village - 550
    Found 12-month avg: 6355.0
  Success
Scraping: Victorian Village - 600
    LEAK DETECTED: REGISTERED E-MAIL
  Success
Scraping: Victorian Village - 650
    Found 12-month avg: 4807.0
  Success
Scraping: Victorian Village - 700
    Found 12-month avg: 3495.0
  Success
Scraping: Victorian Village - 750
    LEAK DETECTED: REGISTERED E-MAIL
  Success
Scraping: Victorian Village - 775
    Found 12-month avg: 3577.0
  Success
Scraping: Victorian Village - 800
  Success
Scraping: Victorian Village - 825
    Found 12-month avg: 3580.0
  Success
Scraping: Victorian Village - 850
    Found 12-month avg: 2806.0
  Success
Scraping: Victorian Village - 875
    Found 12-month avg: 2259.0
  Success
Scraping: Victorian Village - 900
    Found 12-month avg: 11666.0
  Success

Scrape complete: 17 successful, 0 failed
Scraping: Victorian Village - 250
    Found 12-month avg: 5355.0
  Success
Scraping: Victorian Village - 300
    Found 12-month avg: 3658.0
  Success
Scraping: Victorian Village - 350
    Found 12-month avg: 29037.0
    LEAK DETECTED: Leak
    (Leak alerts disabled for this meter)
  Success
Scraping: Victorian Village - 400
    Found 12-month avg: 3884.0
  Success
Scraping: Victorian Village - 450
    Found 12-month avg: 15419.0
  Success
Scraping: Victorian Village - 500
    Found 12-month avg: 19989.0
  Success
Scraping: Victorian Village - 550
    Found 12-month avg: 6355.0
  Success
Scraping: Victorian Village - 600
    Found 12-month avg: 5578.0
  Success
Scraping: Victorian Village - 650
    Found 12-month avg: 4807.0
  Success
Scraping: Victorian Village - 700
    Found 12-month avg: 3495.0
  Success
Scraping: Victorian Village - 750
    Found 12-month avg: 10870.0
  Success
Scraping: Victorian Village - 775
    Found 12-month avg: 3577.0
  Success
Scraping: Victorian Village - 800
    Found 12-month avg: 3815.0
  Success
Scraping: Victorian Village - 825
    Found 12-month avg: 3580.0
  Success
Scraping: Victorian Village - 850
    Found 12-month avg: 2806.0
  Success
Scraping: Victorian Village - 875
    Found 12-month avg: 2259.0
  Success
Scraping: Victorian Village - 900
    Found 12-month avg: 11666.0
  Success

Scrape complete: 17 successful, 0 failed
Scraping: Victorian Village - 250
    Found 12-month avg: 5355.0
  Success
Scraping: Victorian Village - 300
    Found 12-month avg: 3658.0
  Success
Scraping: Victorian Village - 350
    Found 12-month avg: 29037.0
    LEAK DETECTED: Leak
    (Leak alerts disabled for this meter)
  Success
Scraping: Victorian Village - 400
    Found 12-month avg: 3884.0
  Success
Scraping: Victorian Village - 450
    Found 12-month avg: 15419.0
  Success
Scraping: Victorian Village - 500
    Found 12-month avg: 19989.0
  Success
Scraping: Victorian Village - 550
    Found 12-month avg: 6355.0
  Success
Scraping: Victorian Village - 600
    Found 12-month avg: 5578.0
  Success
Scraping: Victorian Village - 650
    Found 12-month avg: 4807.0
  Success
Scraping: Victorian Village - 700
    Found 12-month avg: 3500.0
  Success
Scraping: Victorian Village - 750
    Found 12-month avg: 10870.0
  Success
Scraping: Victorian Village - 775
    Found 12-month avg: 3577.0
  Success
Scraping: Victorian Village - 800
    Found 12-month avg: 3815.0
  Success
Scraping: Victorian Village - 825
    Found 12-month avg: 3580.0
  Success
Scraping: Victorian Village - 850
    Found 12-month avg: 2806.0
  Success
Scraping: Victorian Village - 875
    Found 12-month avg: 2259.0
  Success
Scraping: Victorian Village - 900
    Found 12-month avg: 11666.0
  Success

Scrape complete: 17 successful, 0 failed
Scraping: Victorian Village - 250
    Found 12-month avg: 5355.0
  Success
Scraping: Victorian Village - 300
    Found 12-month avg: 3657.0
  Success
Scraping: Victorian Village - 350
    Found 12-month avg: 29070.0
    LEAK DETECTED: Leak
    (Leak alerts disabled for this meter)
  Success
Scraping: Victorian Village - 400
    Found 12-month avg: 3884.0
  Success
Scraping: Victorian Village - 450
    Found 12-month avg: 15438.0
  Success
Scraping: Victorian Village - 500
    Found 12-month avg: 20001.0
  Success
Scraping: Victorian Village - 550
    Found 12-month avg: 6355.0
  Success
Scraping: Victorian Village - 600
    Found 12-month avg: 5589.0
  Success
Scraping: Victorian Village - 650
    Found 12-month avg: 4807.0
  Success
Scraping: Victorian Village - 700
    Found 12-month avg: 3500.0
  Success
Scraping: Victorian Village - 750
    Found 12-month avg: 10870.0
  Success
Scraping: Victorian Village - 775
    Found 12-month avg: 3577.0
  Success
Scraping: Victorian Village - 800
    Found 12-month avg: 3815.0
  Success
Scraping: Victorian Village - 825
    Found 12-month avg: 3580.0
  Success
Scraping: Victorian Village - 850
    Found 12-month avg: 2806.0
  Success
Scraping: Victorian Village - 875
    Found 12-month avg: 2259.0
  Success
Scraping: Victorian Village - 900
    Found 12-month avg: 11666.0
  Success

Scrape complete: 17 successful, 0 failed
Scraping: Victorian Village - 250
    Found 12-month avg: 5355.0
  Success
Scraping: Victorian Village - 300
    Found 12-month avg: 3657.0
  Success
Scraping: Victorian Village - 350
    Found 12-month avg: 29070.0
    LEAK DETECTED: Leak
    (Leak alerts disabled for this meter)
  Success
Scraping: Victorian Village - 400
    Found 12-month avg: 3884.0
  Success
Scraping: Victorian Village - 450
    Found 12-month avg: 15438.0
  Success
Scraping: Victorian Village - 500
    Found 12-month avg: 20001.0
  Success
Scraping: Victorian Village - 550
    Found 12-month avg: 6356.0
  Success
Scraping: Victorian Village - 600
    Found 12-month avg: 5589.0
  Success
Scraping: Victorian Village - 650
    Found 12-month avg: 4821.0
  Success
Scraping: Victorian Village - 700
    Found 12-month avg: 3500.0
  Success
Scraping: Victorian Village - 750
    Found 12-month avg: 10870.0
  Success
Scraping: Victorian Village - 775
    Found 12-month avg: 3577.0
  Success
Scraping: Victorian Village - 800
    Found 12-month avg: 3818.0
  Success
Scraping: Victorian Village - 825
    Found 12-month avg: 3580.0
  Success
Scraping: Victorian Village - 850
    Found 12-month avg: 2806.0
  Success
Scraping: Victorian Village - 875
    Found 12-month avg: 2259.0
  Success
Scraping: Victorian Village - 900
    Found 12-month avg: 11675.0
  Success

Scrape complete: 17 successful, 0 failed
Scraping: Victorian Village - 250
    Found 12-month avg: 5362.0
  Success
Scraping: Victorian Village - 300
    Found 12-month avg: 3657.0
  Success
Scraping: Victorian Village - 350
    Found 12-month avg: 29070.0
    LEAK DETECTED: Leak
    (Leak alerts disabled for this meter)
  Success
Scraping: Victorian Village - 400
    Found 12-month avg: 3894.0
  Success
Scraping: Victorian Village - 450
    Found 12-month avg: 15438.0
  Success
Scraping: Victorian Village - 500
    Found 12-month avg: 20001.0
  Success
Scraping: Victorian Village - 550
    Found 12-month avg: 6356.0
  Success
Scraping: Victorian Village - 600
    Found 12-month avg: 5589.0
  Success
Scraping: Victorian Village - 650
    Found 12-month avg: 4821.0
  Success
Scraping: Victorian Village - 700
    Found 12-month avg: 3500.0
  Success
Scraping: Victorian Village - 750
    Found 12-month avg: 10870.0
  Success
Scraping: Victorian Village - 775
    Found 12-month avg: 3577.0
  Success
Scraping: Victorian Village - 800
    Found 12-month avg: 3818.0
  Success
Scraping: Victorian Village - 825
    Found 12-month avg: 3591.0
  Success
Scraping: Victorian Village - 850
    Found 12-month avg: 2810.0
  Success
Scraping: Victorian Village - 875
    Found 12-month avg: 2262.0
  Success
Scraping: Victorian Village - 900
    Found 12-month avg: 11675.0
  Success

Scrape complete: 17 successful, 0 failed
Scraping: Victorian Village - 250
    Found 12-month avg: 5362.0
  Success
Scraping: Victorian Village - 300
    Found 12-month avg: 3657.0
  Success
Scraping: Victorian Village - 350
    Found 12-month avg: 29070.0
    LEAK DETECTED: Leak
    (Leak alerts disabled for this meter)
  Success
Scraping: Victorian Village - 400
    Found 12-month avg: 3894.0
  Success
Scraping: Victorian Village - 450
    Found 12-month avg: 15438.0
  Success
Scraping: Victorian Village - 500
    Found 12-month avg: 20001.0
  Success
Scraping: Victorian Village - 550
    Found 12-month avg: 6356.0
  Success
Scraping: Victorian Village - 600
    Found 12-month avg: 5589.0
  Success
Scraping: Victorian Village - 650
    Found 12-month avg: 4821.0
  Success
Scraping: Victorian Village - 700
    Found 12-month avg: 3500.0
  Success
Scraping: Victorian Village - 750
    Found 12-month avg: 10870.0
  Success
Scraping: Victorian Village - 775
    Found 12-month avg: 3577.0
  Success
Scraping: Victorian Village - 800
    Found 12-month avg: 3818.0
  Success
Scraping: Victorian Village - 825
    Found 12-month avg: 3591.0
  Success
Scraping: Victorian Village - 850
    Found 12-month avg: 2810.0
  Success
Scraping: Victorian Village - 875
    Found 12-month avg: 2262.0
  Success
Scraping: Victorian Village - 900
    Found 12-month avg: 11675.0
  Success

Scrape complete: 17 successful, 0 failed
